[35m[Appium][39m Welcome to Appium v1.22.3
[35m[Appium][39m Non-default server args:
[35m[Appium][39m   port: 65120
[35m[Appium][39m   loglevel: info
[35m[Appium][39m   tmpDir: C:\Users\dimas\AppData\Local\Temp\\Katalon\Appium\Temp1674722956106
[35m[Appium][39m   chromedriverPort: 65122
[35m[Appium][39m Deprecated server args:
[35m[Appium][39m   [31m--chromedriver-port[39m => --default-capabilities
[35m[Appium][39m Default capabilities, which will be added to each request unless overridden by desired capabilities:
[35m[Appium][39m   chromedriverPort: 65122
[35m[Appium][39m Appium REST http interface listener started on 0.0.0.0:65120
[35m[HTTP][39m [37m-->[39m [37mGET[39m [37m/wd/hub/status[39m
[35m[HTTP][39m [90m{}[39m
[35m[HTTP][39m [37m<-- GET /wd/hub/status [39m[32m200[39m [90m4 ms - 68[39m
[35m[HTTP][39m [90m[39m
[35m[HTTP][39m [37m-->[39m [37mGET[39m [37m/wd/hub/status[39m
[35m[HTTP][39m [90m{}[39m
[35m[HTTP][39m [37m<-- GET /wd/hub/status [39m[32m200[39m [90m1 ms - 68[39m
[35m[HTTP][39m [90m[39m
[35m[HTTP][39m [37m-->[39m [37mPOST[39m [37m/wd/hub/session[39m
[35m[HTTP][39m [90m{"desiredCapabilities":{"app":"C:\\Users\\dimas\\Downloads\\Android-MyDemoAppRN.1.2.0.build-231.apk","noReset":true,"deviceName":"emulator-5554 (sdk_gphone_x86 - Android 11)","fullReset":false,"platform":"ANDROID","newCommandTimeout":1800,"platformVersion":"11","automationName":"uiautomator2","autoGrantPermissions":true,"platformName":"Android","udid":"emulator-5554","systemPort":65128},"capabilities":{"firstMatch":[{"appium:app":"C:\\Users\\dimas\\Downloads\\Android-MyDemoAppRN.1.2.0.build-231.apk","appium:autoGrantPermissions":true,"appium:automationName":"uiautomator2","appium:deviceName":"emulator-5554 (sdk_gphone_x86 - Android 11)","appium:fullReset":false,"appium:newCommandTimeout":1800,"appium:noReset":true,"platform":"ANDROID","platformName":"android","appium:platformVersion":"11","appium:systemPort":65128,"appium:udid":"emulator-5554"}]}}[39m
[35m[BaseDriver][39m The following capabilities are not standard capabilities and should have an extension prefix:
[35m[BaseDriver][39m   platform
[35m[BaseDriver][39m   chromedriverPort
[35m[Appium][39m Appium v1.22.3 creating new AndroidUiautomator2Driver (v1.70.1) session
[35m[BaseDriver][39m The following capabilities were provided, but are not recognized by Appium:
[35m[BaseDriver][39m   platform
[35m[BaseDriver][39m Session created with session id: bc84e62d-3ae4-45b1-a093-4c4c3f2deaa6
[35m[BaseDriver][39m Using local app 'C:\Users\dimas\Downloads\Android-MyDemoAppRN.1.2.0.build-231.apk'
[35m[ADB][39m Found 1 'build-tools' folders under 'C:\Users\dimas\.katalon\tools\android_sdk' (newest first):
[35m[ADB][39m     C:/Users/dimas/.katalon/tools/android_sdk/build-tools/29.0.3
[35m[ADB][39m Using 'adb.exe' from 'C:\Users\dimas\.katalon\tools\android_sdk\platform-tools\adb.exe'
[35m[AndroidDriver][39m Retrieving device list
[35m[AndroidDriver][39m Using device: emulator-5554
[35m[ADB][39m Using 'adb.exe' from 'C:\Users\dimas\.katalon\tools\android_sdk\platform-tools\adb.exe'
[35m[ADB][39m Getting device platform version
[35m[UiAutomator2][39m Relaxing hidden api policy
[35m[ADB][39m Package name: 'com.saucelabs.mydemoapp.rn'
[35m[ADB][39m Main activity name: 'com.saucelabs.mydemoapp.rn.MainActivity'
[35m[ADB][39m Using 'apksigner.jar' from 'C:\Users\dimas\.katalon\tools\android_sdk\build-tools\29.0.3\lib\apksigner.jar'
[35m[ADB][39m 'C:\Users\dimas\AppData\Roaming\npm\node_modules\appium\node_modules\appium-uiautomator2-server\apks\appium-uiautomator2-server-v4.27.0.apk' is signed with the default certificate
[35m[ADB][39m 'C:\Users\dimas\AppData\Roaming\npm\node_modules\appium\node_modules\appium-uiautomator2-server\apks\appium-uiautomator2-server-debug-androidTest.apk' is signed with the default certificate
[35m[UiAutomator2][39m Server packages are not going to be (re)installed
[35m[ADB][39m Adding packages ["io.appium.settings","io.appium.uiautomator2.server","io.appium.uiautomator2.server.test"] to Doze whitelist
[35m[ADB][39m 'C:\Users\dimas\Downloads\Android-MyDemoAppRN.1.2.0.build-231.apk' is signed with a non-default certificate
[35m[ADB][39m The application at 'C:\Users\dimas\Downloads\Android-MyDemoAppRN.1.2.0.build-231.apk' will not be cached, because the device under test has confirmed the support of streamed installs
[35m[ADB][39m The installation of 'Android-MyDemoAppRN.1.2.0.build-231.apk' took 3983ms
[35m[UiAutomator2][39m Starting UIAutomator2 server 4.27.0
[35m[UiAutomator2][39m Using UIAutomator2 server from 'C:\Users\dimas\AppData\Roaming\npm\node_modules\appium\node_modules\appium-uiautomator2-server\apks\appium-uiautomator2-server-v4.27.0.apk' and test from 'C:\Users\dimas\AppData\Roaming\npm\node_modules\appium\node_modules\appium-uiautomator2-server\apks\appium-uiautomator2-server-debug-androidTest.apk'
[35m[UiAutomator2][39m Waiting up to 30000ms for UiAutomator2 to be online...
[35m[WD Proxy][39m socket hang up
[35m[WD Proxy][39m socket hang up
[35m[WD Proxy][39m socket hang up
[35m[WD Proxy][39m Determined the downstream protocol as 'W3C'
[35m[AndroidDriver][39m Screen already unlocked, doing nothing
[35m[UiAutomator2][39m Starting 'com.saucelabs.mydemoapp.rn/com.saucelabs.mydemoapp.rn.MainActivity and waiting for 'com.saucelabs.mydemoapp.rn/com.saucelabs.mydemoapp.rn.MainActivity'
[35m[Appium][39m New AndroidUiautomator2Driver session created successfully, session bc84e62d-3ae4-45b1-a093-4c4c3f2deaa6 added to master session list
[35m[HTTP][39m [37m<-- POST /wd/hub/session [39m[32m200[39m [90m15636 ms - 1325[39m
[35m[HTTP][39m [90m[39m
[35m[HTTP][39m [37m-->[39m [37mGET[39m [37m/wd/hub/session/bc84e62d-3ae4-45b1-a093-4c4c3f2deaa6[39m
[35m[HTTP][39m [90m{}[39m
[35m[HTTP][39m [37m<-- GET /wd/hub/session/bc84e62d-3ae4-45b1-a093-4c4c3f2deaa6 [39m[32m200[39m [90m19 ms - 1279[39m
[35m[HTTP][39m [90m[39m
[35m[HTTP][39m [37m-->[39m [37mGET[39m [37m/wd/hub/session/bc84e62d-3ae4-45b1-a093-4c4c3f2deaa6[39m
[35m[HTTP][39m [90m{}[39m
[35m[HTTP][39m [37m<-- GET /wd/hub/session/bc84e62d-3ae4-45b1-a093-4c4c3f2deaa6 [39m[32m200[39m [90m21 ms - 1279[39m
[35m[HTTP][39m [90m[39m
[35m[HTTP][39m [37m-->[39m [37mGET[39m [37m/wd/hub/status[39m
[35m[HTTP][39m [90m{}[39m
[35m[HTTP][39m [37m<-- GET /wd/hub/status [39m[32m200[39m [90m1 ms - 68[39m
[35m[HTTP][39m [90m[39m
[35m[HTTP][39m [37m-->[39m [37mPOST[39m [37m/wd/hub/session/bc84e62d-3ae4-45b1-a093-4c4c3f2deaa6/timeouts[39m
[35m[HTTP][39m [90m{"implicit":60000}[39m
[35m[HTTP][39m [37m<-- POST /wd/hub/session/bc84e62d-3ae4-45b1-a093-4c4c3f2deaa6/timeouts [39m[32m200[39m [90m4 ms - 14[39m
[35m[HTTP][39m [90m[39m
[35m[HTTP][39m [37m-->[39m [37mGET[39m [37m/wd/hub/session/bc84e62d-3ae4-45b1-a093-4c4c3f2deaa6/source[39m
[35m[HTTP][39m [90m{}[39m
[35m[W3C (bc84e62d)][39m Driver proxy active, passing request on via HTTP proxy
[35m[WD Proxy][39m Replacing sessionId 14c63977-7d1d-44ea-942d-671dbd7397f8 with bc84e62d-3ae4-45b1-a093-4c4c3f2deaa6
[35m[HTTP][39m [37m<-- GET /wd/hub/session/bc84e62d-3ae4-45b1-a093-4c4c3f2deaa6/source [39m[32m200[39m [90m892 ms - 40178[39m
[35m[HTTP][39m [90m[39m
[35m[HTTP][39m [37m-->[39m [37mGET[39m [37m/wd/hub/session/bc84e62d-3ae4-45b1-a093-4c4c3f2deaa6/screenshot[39m
[35m[HTTP][39m [90m{}[39m
[35m[HTTP][39m [37m<-- GET /wd/hub/session/bc84e62d-3ae4-45b1-a093-4c4c3f2deaa6/screenshot [39m[32m200[39m [90m711 ms - 1726642[39m
[35m[HTTP][39m [90m[39m
[35m[HTTP][39m [37m-->[39m [37mGET[39m [37m/wd/hub/session/bc84e62d-3ae4-45b1-a093-4c4c3f2deaa6/source[39m
[35m[HTTP][39m [90m{}[39m
[35m[W3C (bc84e62d)][39m Driver proxy active, passing request on via HTTP proxy
[35m[WD Proxy][39m Replacing sessionId 14c63977-7d1d-44ea-942d-671dbd7397f8 with bc84e62d-3ae4-45b1-a093-4c4c3f2deaa6
[35m[HTTP][39m [37m<-- GET /wd/hub/session/bc84e62d-3ae4-45b1-a093-4c4c3f2deaa6/source [39m[32m200[39m [90m230 ms - 40178[39m
[35m[HTTP][39m [90m[39m
[35m[HTTP][39m [37m-->[39m [37mGET[39m [37m/wd/hub/session/bc84e62d-3ae4-45b1-a093-4c4c3f2deaa6/screenshot[39m
[35m[HTTP][39m [90m{}[39m
[35m[HTTP][39m [37m<-- GET /wd/hub/session/bc84e62d-3ae4-45b1-a093-4c4c3f2deaa6/screenshot [39m[32m200[39m [90m690 ms - 1726690[39m
[35m[HTTP][39m [90m[39m
[35m[HTTP][39m [37m-->[39m [37mPOST[39m [37m/wd/hub/session/bc84e62d-3ae4-45b1-a093-4c4c3f2deaa6/elements[39m
[35m[HTTP][39m [90m{"using":"xpath","value":"//*[@class = 'android.widget.ImageView' and (@text = '' or . = '')]"}[39m
[35m[HTTP][39m [37m<-- POST /wd/hub/session/bc84e62d-3ae4-45b1-a093-4c4c3f2deaa6/elements [39m[32m200[39m [90m771 ms - 1035[39m
[35m[HTTP][39m [90m[39m
[35m[HTTP][39m [37m-->[39m [37mPOST[39m [37m/wd/hub/session/bc84e62d-3ae4-45b1-a093-4c4c3f2deaa6/elements[39m
[35m[HTTP][39m [90m{"using":"-android uiautomator","value":"new UiSelector().className(\"android.widget.ImageView\")"}[39m
[35m[HTTP][39m [37m<-- POST /wd/hub/session/bc84e62d-3ae4-45b1-a093-4c4c3f2deaa6/elements [39m[32m200[39m [90m115 ms - 1035[39m
[35m[HTTP][39m [90m[39m
[35m[HTTP][39m [37m-->[39m [37mGET[39m [37m/wd/hub/session/bc84e62d-3ae4-45b1-a093-4c4c3f2deaa6/window/rect[39m
[35m[HTTP][39m [90m{}[39m
[35m[HTTP][39m [37m<-- GET /wd/hub/session/bc84e62d-3ae4-45b1-a093-4c4c3f2deaa6/window/rect [39m[32m200[39m [90m12 ms - 50[39m
[35m[HTTP][39m [90m[39m
[35m[HTTP][39m [37m-->[39m [37mPOST[39m [37m/wd/hub/session/bc84e62d-3ae4-45b1-a093-4c4c3f2deaa6/elements[39m
[35m[HTTP][39m [90m{"using":"xpath","value":"//hierarchy/android.widget.FrameLayout[1]/android.widget.LinearLayout[1]/android.widget.FrameLayout[1]/android.widget.LinearLayout[1]/android.widget.FrameLayout[1]/android.widget.FrameLayout[1]/android.view.ViewGroup[1]/android.view.ViewGroup[1]/android.view.ViewGroup[1]/android.view.ViewGroup[1]/android.view.ViewGroup[1]/android.view.ViewGroup[1]/android.widget.FrameLayout[1]/android.view.ViewGroup[1]/android.view.ViewGroup[1]/android.view.ViewGroup[1]/android.view.ViewGroup[1]/android.view.ViewGroup[1]/android.widget.FrameLayout[1]/android.view.ViewGroup[1]/android.view.ViewGroup[1]/android.view.ViewGroup[1]/android.view.ViewGroup[1]/android.view.ViewGroup[1]/android.view.ViewGroup[2]/android.widget.ScrollView[1]/android.view.ViewGroup[1]/android.view.ViewGroup[3]/android.view.ViewGroup[1]/android.view.ViewGroup[1]/android.widget.ImageView[1]"}[39m
[35m[HTTP][39m [37m<-- POST /wd/hub/session/bc84e62d-3ae4-45b1-a093-4c4c3f2deaa6/elements [39m[32m200[39m [90m129 ms - 139[39m
[35m[HTTP][39m [90m[39m
[35m[HTTP][39m [37m-->[39m [37mGET[39m [37m/wd/hub/session/bc84e62d-3ae4-45b1-a093-4c4c3f2deaa6/element/00000000-0000-0199-ffff-ffff00000054/location[39m
[35m[HTTP][39m [90m{}[39m
[35m[W3C (bc84e62d)][39m Driver proxy active, passing request on via HTTP proxy
[35m[WD Proxy][39m Replacing sessionId 14c63977-7d1d-44ea-942d-671dbd7397f8 with bc84e62d-3ae4-45b1-a093-4c4c3f2deaa6
[35m[HTTP][39m [37m<-- GET /wd/hub/session/bc84e62d-3ae4-45b1-a093-4c4c3f2deaa6/element/00000000-0000-0199-ffff-ffff00000054/location [39m[32m200[39m [90m13 ms - 78[39m
[35m[HTTP][39m [90m[39m
[35m[HTTP][39m [37m-->[39m [37mPOST[39m [37m/wd/hub/session/bc84e62d-3ae4-45b1-a093-4c4c3f2deaa6/element/00000000-0000-0199-ffff-ffff00000054/click[39m
[35m[HTTP][39m [90m{"id":"00000000-0000-0199-ffff-ffff00000054"}[39m
[35m[HTTP][39m [37m<-- POST /wd/hub/session/bc84e62d-3ae4-45b1-a093-4c4c3f2deaa6/element/00000000-0000-0199-ffff-ffff00000054/click [39m[32m200[39m [90m37 ms - 14[39m
[35m[HTTP][39m [90m[39m
[35m[HTTP][39m [37m-->[39m [37mGET[39m [37m/wd/hub/session/bc84e62d-3ae4-45b1-a093-4c4c3f2deaa6/source[39m
[35m[HTTP][39m [90m{}[39m
[35m[W3C (bc84e62d)][39m Driver proxy active, passing request on via HTTP proxy
[35m[WD Proxy][39m Replacing sessionId 14c63977-7d1d-44ea-942d-671dbd7397f8 with bc84e62d-3ae4-45b1-a093-4c4c3f2deaa6
[35m[HTTP][39m [37m<-- GET /wd/hub/session/bc84e62d-3ae4-45b1-a093-4c4c3f2deaa6/source [39m[32m200[39m [90m562 ms - 24144[39m
[35m[HTTP][39m [90m[39m
[35m[HTTP][39m [37m-->[39m [37mGET[39m [37m/wd/hub/session/bc84e62d-3ae4-45b1-a093-4c4c3f2deaa6/screenshot[39m
[35m[HTTP][39m [90m{}[39m
[35m[HTTP][39m [37m<-- GET /wd/hub/session/bc84e62d-3ae4-45b1-a093-4c4c3f2deaa6/screenshot [39m[32m200[39m [90m340 ms - 685732[39m
[35m[HTTP][39m [90m[39m
[35m[HTTP][39m [37m-->[39m [37mGET[39m [37m/wd/hub/session/bc84e62d-3ae4-45b1-a093-4c4c3f2deaa6/context[39m
[35m[HTTP][39m [90m{}[39m
[35m[HTTP][39m [37m<-- GET /wd/hub/session/bc84e62d-3ae4-45b1-a093-4c4c3f2deaa6/context [39m[32m200[39m [90m2 ms - 22[39m
[35m[HTTP][39m [90m[39m
[35m[HTTP][39m [37m-->[39m [37mGET[39m [37m/wd/hub/session/bc84e62d-3ae4-45b1-a093-4c4c3f2deaa6/contexts[39m
[35m[HTTP][39m [90m{}[39m
[35m[AndroidDriver][39m Skipping the webview 'WEBVIEW_32133' at '@webview_devtools_remote_32133' since it has reported having zero pages
[35m[HTTP][39m [37m<-- GET /wd/hub/session/bc84e62d-3ae4-45b1-a093-4c4c3f2deaa6/contexts [39m[32m200[39m [90m359 ms - 24[39m
[35m[HTTP][39m [90m[39m
[35m[HTTP][39m [37m-->[39m [37mPOST[39m [37m/wd/hub/session/bc84e62d-3ae4-45b1-a093-4c4c3f2deaa6/context[39m
[35m[HTTP][39m [90m{"name":"NATIVE_APP"}[39m
[35m[HTTP][39m [37m<-- POST /wd/hub/session/bc84e62d-3ae4-45b1-a093-4c4c3f2deaa6/context [39m[32m200[39m [90m1 ms - 14[39m
[35m[HTTP][39m [90m[39m
[35m[HTTP][39m [37m-->[39m [37mPOST[39m [37m/wd/hub/session/bc84e62d-3ae4-45b1-a093-4c4c3f2deaa6/element[39m
[35m[HTTP][39m [90m{"using":"-android uiautomator","value":"new UiScrollable(new UiSelector().scrollable(true).instance(0)).scrollIntoView(new UiSelector().textContains(\"Add To Cart\"))"}[39m
[35m[HTTP][39m [37m<-- POST /wd/hub/session/bc84e62d-3ae4-45b1-a093-4c4c3f2deaa6/element [39m[32m200[39m [90m2673 ms - 137[39m
[35m[HTTP][39m [90m[39m
[35m[HTTP][39m [37m-->[39m [37mPOST[39m [37m/wd/hub/session/bc84e62d-3ae4-45b1-a093-4c4c3f2deaa6/context[39m
[35m[HTTP][39m [90m{"name":"NATIVE_APP"}[39m
[35m[HTTP][39m [37m<-- POST /wd/hub/session/bc84e62d-3ae4-45b1-a093-4c4c3f2deaa6/context [39m[32m200[39m [90m1 ms - 14[39m
[35m[HTTP][39m [90m[39m
[35m[HTTP][39m [37m-->[39m [37mGET[39m [37m/wd/hub/session/bc84e62d-3ae4-45b1-a093-4c4c3f2deaa6/source[39m
[35m[HTTP][39m [90m{}[39m
[35m[W3C (bc84e62d)][39m Driver proxy active, passing request on via HTTP proxy
[35m[WD Proxy][39m Replacing sessionId 14c63977-7d1d-44ea-942d-671dbd7397f8 with bc84e62d-3ae4-45b1-a093-4c4c3f2deaa6
[35m[HTTP][39m [37m<-- GET /wd/hub/session/bc84e62d-3ae4-45b1-a093-4c4c3f2deaa6/source [39m[32m200[39m [90m87 ms - 28115[39m
[35m[HTTP][39m [90m[39m
[35m[HTTP][39m [37m-->[39m [37mGET[39m [37m/wd/hub/session/bc84e62d-3ae4-45b1-a093-4c4c3f2deaa6/screenshot[39m
[35m[HTTP][39m [90m{}[39m
[35m[HTTP][39m [37m<-- GET /wd/hub/session/bc84e62d-3ae4-45b1-a093-4c4c3f2deaa6/screenshot [39m[32m200[39m [90m332 ms - 608364[39m
[35m[HTTP][39m [90m[39m
[35m[HTTP][39m [37m-->[39m [37mPOST[39m [37m/wd/hub/session/bc84e62d-3ae4-45b1-a093-4c4c3f2deaa6/elements[39m
[35m[HTTP][39m [90m{"using":"xpath","value":"//*[@class = 'android.widget.ImageView' and (@text = '' or . = '')]"}[39m
[35m[HTTP][39m [37m<-- POST /wd/hub/session/bc84e62d-3ae4-45b1-a093-4c4c3f2deaa6/elements [39m[32m200[39m [90m173 ms - 779[39m
[35m[HTTP][39m [90m[39m
[35m[HTTP][39m [37m-->[39m [37mPOST[39m [37m/wd/hub/session/bc84e62d-3ae4-45b1-a093-4c4c3f2deaa6/elements[39m
[35m[HTTP][39m [90m{"using":"-android uiautomator","value":"new UiSelector().className(\"android.widget.ImageView\")"}[39m
[35m[HTTP][39m [37m<-- POST /wd/hub/session/bc84e62d-3ae4-45b1-a093-4c4c3f2deaa6/elements [39m[32m200[39m [90m64 ms - 779[39m
[35m[HTTP][39m [90m[39m
[35m[HTTP][39m [37m-->[39m [37mGET[39m [37m/wd/hub/session/bc84e62d-3ae4-45b1-a093-4c4c3f2deaa6/window/rect[39m
[35m[HTTP][39m [90m{}[39m
[35m[HTTP][39m [37m<-- GET /wd/hub/session/bc84e62d-3ae4-45b1-a093-4c4c3f2deaa6/window/rect [39m[32m200[39m [90m9 ms - 50[39m
[35m[HTTP][39m [90m[39m
[35m[HTTP][39m [37m-->[39m [37mPOST[39m [37m/wd/hub/session/bc84e62d-3ae4-45b1-a093-4c4c3f2deaa6/elements[39m
[35m[HTTP][39m [90m{"using":"xpath","value":"//hierarchy/android.widget.FrameLayout[1]/android.widget.LinearLayout[1]/android.widget.FrameLayout[1]/android.widget.LinearLayout[1]/android.widget.FrameLayout[1]/android.widget.FrameLayout[1]/android.view.ViewGroup[1]/android.view.ViewGroup[1]/android.view.ViewGroup[1]/android.view.ViewGroup[1]/android.view.ViewGroup[1]/android.view.ViewGroup[1]/android.widget.FrameLayout[1]/android.view.ViewGroup[1]/android.view.ViewGroup[1]/android.view.ViewGroup[1]/android.view.ViewGroup[1]/android.view.ViewGroup[1]/android.widget.FrameLayout[1]/android.view.ViewGroup[1]/android.view.ViewGroup[1]/android.view.ViewGroup[1]/android.view.ViewGroup[1]/android.view.ViewGroup[1]/android.widget.ScrollView[1]/android.view.ViewGroup[1]/android.view.ViewGroup[9]/android.widget.ImageView[1]"}[39m
[35m[HTTP][39m [37m<-- POST /wd/hub/session/bc84e62d-3ae4-45b1-a093-4c4c3f2deaa6/elements [39m[32m200[39m [90m89 ms - 139[39m
[35m[HTTP][39m [90m[39m
[35m[HTTP][39m [37m-->[39m [37mGET[39m [37m/wd/hub/session/bc84e62d-3ae4-45b1-a093-4c4c3f2deaa6/element/00000000-0000-0199-ffff-ffff000000aa/location[39m
[35m[HTTP][39m [90m{}[39m
[35m[W3C (bc84e62d)][39m Driver proxy active, passing request on via HTTP proxy
[35m[WD Proxy][39m Replacing sessionId 14c63977-7d1d-44ea-942d-671dbd7397f8 with bc84e62d-3ae4-45b1-a093-4c4c3f2deaa6
[35m[HTTP][39m [37m<-- GET /wd/hub/session/bc84e62d-3ae4-45b1-a093-4c4c3f2deaa6/element/00000000-0000-0199-ffff-ffff000000aa/location [39m[32m200[39m [90m12 ms - 79[39m
[35m[HTTP][39m [90m[39m
[35m[HTTP][39m [37m-->[39m [37mPOST[39m [37m/wd/hub/session/bc84e62d-3ae4-45b1-a093-4c4c3f2deaa6/element/00000000-0000-0199-ffff-ffff000000aa/click[39m
[35m[HTTP][39m [90m{"id":"00000000-0000-0199-ffff-ffff000000aa"}[39m
[35m[HTTP][39m [37m<-- POST /wd/hub/session/bc84e62d-3ae4-45b1-a093-4c4c3f2deaa6/element/00000000-0000-0199-ffff-ffff000000aa/click [39m[32m200[39m [90m50 ms - 14[39m
[35m[HTTP][39m [90m[39m
[35m[HTTP][39m [37m-->[39m [37mGET[39m [37m/wd/hub/session/bc84e62d-3ae4-45b1-a093-4c4c3f2deaa6/source[39m
[35m[HTTP][39m [90m{}[39m
[35m[W3C (bc84e62d)][39m Driver proxy active, passing request on via HTTP proxy
[35m[WD Proxy][39m Replacing sessionId 14c63977-7d1d-44ea-942d-671dbd7397f8 with bc84e62d-3ae4-45b1-a093-4c4c3f2deaa6
[35m[HTTP][39m [37m<-- GET /wd/hub/session/bc84e62d-3ae4-45b1-a093-4c4c3f2deaa6/source [39m[32m200[39m [90m90 ms - 28115[39m
[35m[HTTP][39m [90m[39m
[35m[HTTP][39m [37m-->[39m [37mGET[39m [37m/wd/hub/session/bc84e62d-3ae4-45b1-a093-4c4c3f2deaa6/screenshot[39m
[35m[HTTP][39m [90m{}[39m
[35m[HTTP][39m [37m<-- GET /wd/hub/session/bc84e62d-3ae4-45b1-a093-4c4c3f2deaa6/screenshot [39m[32m200[39m [90m337 ms - 609936[39m
[35m[HTTP][39m [90m[39m
[35m[HTTP][39m [37m-->[39m [37mPOST[39m [37m/wd/hub/session/bc84e62d-3ae4-45b1-a093-4c4c3f2deaa6/elements[39m
[35m[HTTP][39m [90m{"using":"xpath","value":"//*[@class = 'android.view.ViewGroup' and (@text = '' or . = '')]"}[39m
[35m[HTTP][39m [37m<-- POST /wd/hub/session/bc84e62d-3ae4-45b1-a093-4c4c3f2deaa6/elements [39m[32m200[39m [90m201 ms - 4363[39m
[35m[HTTP][39m [90m[39m
[35m[HTTP][39m [37m-->[39m [37mPOST[39m [37m/wd/hub/session/bc84e62d-3ae4-45b1-a093-4c4c3f2deaa6/elements[39m
[35m[HTTP][39m [90m{"using":"accessibility id","value":"Add To Cart button"}[39m
[35m[HTTP][39m [37m<-- POST /wd/hub/session/bc84e62d-3ae4-45b1-a093-4c4c3f2deaa6/elements [39m[32m200[39m [90m21 ms - 139[39m
[35m[HTTP][39m [90m[39m
[35m[HTTP][39m [37m-->[39m [37mGET[39m [37m/wd/hub/session/bc84e62d-3ae4-45b1-a093-4c4c3f2deaa6/window/rect[39m
[35m[HTTP][39m [90m{}[39m
[35m[HTTP][39m [37m<-- GET /wd/hub/session/bc84e62d-3ae4-45b1-a093-4c4c3f2deaa6/window/rect [39m[32m200[39m [90m6 ms - 50[39m
[35m[HTTP][39m [90m[39m
[35m[HTTP][39m [37m-->[39m [37mPOST[39m [37m/wd/hub/session/bc84e62d-3ae4-45b1-a093-4c4c3f2deaa6/elements[39m
[35m[HTTP][39m [90m{"using":"accessibility id","value":"Add To Cart button"}[39m
[35m[HTTP][39m [37m<-- POST /wd/hub/session/bc84e62d-3ae4-45b1-a093-4c4c3f2deaa6/elements [39m[32m200[39m [90m21 ms - 139[39m
[35m[HTTP][39m [90m[39m
[35m[HTTP][39m [37m-->[39m [37mGET[39m [37m/wd/hub/session/bc84e62d-3ae4-45b1-a093-4c4c3f2deaa6/element/00000000-0000-0199-ffff-ffff000000ab/location[39m
[35m[HTTP][39m [90m{}[39m
[35m[W3C (bc84e62d)][39m Driver proxy active, passing request on via HTTP proxy
[35m[WD Proxy][39m Replacing sessionId 14c63977-7d1d-44ea-942d-671dbd7397f8 with bc84e62d-3ae4-45b1-a093-4c4c3f2deaa6
[35m[HTTP][39m [37m<-- GET /wd/hub/session/bc84e62d-3ae4-45b1-a093-4c4c3f2deaa6/element/00000000-0000-0199-ffff-ffff000000ab/location [39m[32m200[39m [90m9 ms - 79[39m
[35m[HTTP][39m [90m[39m
[35m[HTTP][39m [37m-->[39m [37mPOST[39m [37m/wd/hub/session/bc84e62d-3ae4-45b1-a093-4c4c3f2deaa6/element/00000000-0000-0199-ffff-ffff000000ab/click[39m
[35m[HTTP][39m [90m{"id":"00000000-0000-0199-ffff-ffff000000ab"}[39m
[35m[HTTP][39m [37m<-- POST /wd/hub/session/bc84e62d-3ae4-45b1-a093-4c4c3f2deaa6/element/00000000-0000-0199-ffff-ffff000000ab/click [39m[32m200[39m [90m50 ms - 14[39m
[35m[HTTP][39m [90m[39m
[35m[HTTP][39m [37m-->[39m [37mGET[39m [37m/wd/hub/session/bc84e62d-3ae4-45b1-a093-4c4c3f2deaa6/source[39m
[35m[HTTP][39m [90m{}[39m
[35m[W3C (bc84e62d)][39m Driver proxy active, passing request on via HTTP proxy
[35m[WD Proxy][39m Replacing sessionId 14c63977-7d1d-44ea-942d-671dbd7397f8 with bc84e62d-3ae4-45b1-a093-4c4c3f2deaa6
[35m[HTTP][39m [37m<-- GET /wd/hub/session/bc84e62d-3ae4-45b1-a093-4c4c3f2deaa6/source [39m[32m200[39m [90m261 ms - 28546[39m
[35m[HTTP][39m [90m[39m
[35m[HTTP][39m [37m-->[39m [37mGET[39m [37m/wd/hub/session/bc84e62d-3ae4-45b1-a093-4c4c3f2deaa6/screenshot[39m
[35m[HTTP][39m [90m{}[39m
[35m[HTTP][39m [37m<-- GET /wd/hub/session/bc84e62d-3ae4-45b1-a093-4c4c3f2deaa6/screenshot [39m[32m200[39m [90m335 ms - 612030[39m
[35m[HTTP][39m [90m[39m
[35m[HTTP][39m [37m-->[39m [37mPOST[39m [37m/wd/hub/session/bc84e62d-3ae4-45b1-a093-4c4c3f2deaa6/elements[39m
[35m[HTTP][39m [90m{"using":"xpath","value":"//*[@class = 'android.widget.ImageView' and (@text = '' or . = '')]"}[39m
[35m[HTTP][39m [37m<-- POST /wd/hub/session/bc84e62d-3ae4-45b1-a093-4c4c3f2deaa6/elements [39m[32m200[39m [90m186 ms - 779[39m
[35m[HTTP][39m [90m[39m
[35m[HTTP][39m [37m-->[39m [37mPOST[39m [37m/wd/hub/session/bc84e62d-3ae4-45b1-a093-4c4c3f2deaa6/elements[39m
[35m[HTTP][39m [90m{"using":"-android uiautomator","value":"new UiSelector().className(\"android.widget.ImageView\")"}[39m
[35m[HTTP][39m [37m<-- POST /wd/hub/session/bc84e62d-3ae4-45b1-a093-4c4c3f2deaa6/elements [39m[32m200[39m [90m57 ms - 779[39m
[35m[HTTP][39m [90m[39m
[35m[HTTP][39m [37m-->[39m [37mGET[39m [37m/wd/hub/session/bc84e62d-3ae4-45b1-a093-4c4c3f2deaa6/window/rect[39m
[35m[HTTP][39m [90m{}[39m
[35m[HTTP][39m [37m<-- GET /wd/hub/session/bc84e62d-3ae4-45b1-a093-4c4c3f2deaa6/window/rect [39m[32m200[39m [90m6 ms - 50[39m
[35m[HTTP][39m [90m[39m
[35m[HTTP][39m [37m-->[39m [37mPOST[39m [37m/wd/hub/session/bc84e62d-3ae4-45b1-a093-4c4c3f2deaa6/elements[39m
[35m[HTTP][39m [90m{"using":"xpath","value":"//hierarchy/android.widget.FrameLayout[1]/android.widget.LinearLayout[1]/android.widget.FrameLayout[1]/android.widget.LinearLayout[1]/android.widget.FrameLayout[1]/android.widget.FrameLayout[1]/android.view.ViewGroup[1]/android.view.ViewGroup[1]/android.view.ViewGroup[1]/android.view.ViewGroup[1]/android.view.ViewGroup[1]/android.view.ViewGroup[1]/android.widget.FrameLayout[1]/android.view.ViewGroup[1]/android.view.ViewGroup[1]/android.view.ViewGroup[1]/android.view.ViewGroup[1]/android.view.ViewGroup[1]/android.widget.FrameLayout[1]/android.view.ViewGroup[1]/android.view.ViewGroup[1]/android.view.ViewGroup[1]/android.view.ViewGroup[1]/android.view.ViewGroup[1]/android.view.ViewGroup[1]/android.view.ViewGroup[1]/android.view.ViewGroup[1]/android.view.ViewGroup[2]/android.widget.ImageView[1]"}[39m
[35m[HTTP][39m [37m<-- POST /wd/hub/session/bc84e62d-3ae4-45b1-a093-4c4c3f2deaa6/elements [39m[32m200[39m [90m70 ms - 139[39m
[35m[HTTP][39m [90m[39m
[35m[HTTP][39m [37m-->[39m [37mGET[39m [37m/wd/hub/session/bc84e62d-3ae4-45b1-a093-4c4c3f2deaa6/element/00000000-0000-0199-ffff-ffff000000b6/location[39m
[35m[HTTP][39m [90m{}[39m
[35m[W3C (bc84e62d)][39m Driver proxy active, passing request on via HTTP proxy
[35m[WD Proxy][39m Replacing sessionId 14c63977-7d1d-44ea-942d-671dbd7397f8 with bc84e62d-3ae4-45b1-a093-4c4c3f2deaa6
[35m[HTTP][39m [37m<-- GET /wd/hub/session/bc84e62d-3ae4-45b1-a093-4c4c3f2deaa6/element/00000000-0000-0199-ffff-ffff000000b6/location [39m[32m200[39m [90m11 ms - 77[39m
[35m[HTTP][39m [90m[39m
[35m[HTTP][39m [37m-->[39m [37mPOST[39m [37m/wd/hub/session/bc84e62d-3ae4-45b1-a093-4c4c3f2deaa6/element/00000000-0000-0199-ffff-ffff000000b6/click[39m
[35m[HTTP][39m [90m{"id":"00000000-0000-0199-ffff-ffff000000b6"}[39m
[35m[HTTP][39m [37m<-- POST /wd/hub/session/bc84e62d-3ae4-45b1-a093-4c4c3f2deaa6/element/00000000-0000-0199-ffff-ffff000000b6/click [39m[32m200[39m [90m36 ms - 14[39m
[35m[HTTP][39m [90m[39m
[35m[HTTP][39m [37m-->[39m [37mGET[39m [37m/wd/hub/session/bc84e62d-3ae4-45b1-a093-4c4c3f2deaa6/source[39m
[35m[HTTP][39m [90m{}[39m
[35m[W3C (bc84e62d)][39m Driver proxy active, passing request on via HTTP proxy
[35m[WD Proxy][39m Replacing sessionId 14c63977-7d1d-44ea-942d-671dbd7397f8 with bc84e62d-3ae4-45b1-a093-4c4c3f2deaa6
[35m[HTTP][39m [37m<-- GET /wd/hub/session/bc84e62d-3ae4-45b1-a093-4c4c3f2deaa6/source [39m[32m200[39m [90m237 ms - 36147[39m
[35m[HTTP][39m [90m[39m
[35m[HTTP][39m [37m-->[39m [37mGET[39m [37m/wd/hub/session/bc84e62d-3ae4-45b1-a093-4c4c3f2deaa6/screenshot[39m
[35m[HTTP][39m [90m{}[39m
[35m[HTTP][39m [37m<-- GET /wd/hub/session/bc84e62d-3ae4-45b1-a093-4c4c3f2deaa6/screenshot [39m[32m200[39m [90m298 ms - 482534[39m
[35m[HTTP][39m [90m[39m
[35m[HTTP][39m [37m-->[39m [37mPOST[39m [37m/wd/hub/session/bc84e62d-3ae4-45b1-a093-4c4c3f2deaa6/elements[39m
[35m[HTTP][39m [90m{"using":"xpath","value":"//*[@class = 'android.widget.TextView' and (@text = 'Remove Item' or . = 'Remove Item')]"}[39m
[35m[HTTP][39m [37m<-- POST /wd/hub/session/bc84e62d-3ae4-45b1-a093-4c4c3f2deaa6/elements [39m[32m200[39m [90m163 ms - 139[39m
[35m[HTTP][39m [90m[39m
[35m[HTTP][39m [37m-->[39m [37mGET[39m [37m/wd/hub/session/bc84e62d-3ae4-45b1-a093-4c4c3f2deaa6/window/rect[39m
[35m[HTTP][39m [90m{}[39m
[35m[HTTP][39m [37m<-- GET /wd/hub/session/bc84e62d-3ae4-45b1-a093-4c4c3f2deaa6/window/rect [39m[32m200[39m [90m6 ms - 50[39m
[35m[HTTP][39m [90m[39m
[35m[HTTP][39m [37m-->[39m [37mPOST[39m [37m/wd/hub/session/bc84e62d-3ae4-45b1-a093-4c4c3f2deaa6/elements[39m
[35m[HTTP][39m [90m{"using":"xpath","value":"//*[@class = 'android.widget.TextView' and (@text = 'Remove Item' or . = 'Remove Item')]"}[39m
[35m[HTTP][39m [37m<-- POST /wd/hub/session/bc84e62d-3ae4-45b1-a093-4c4c3f2deaa6/elements [39m[32m200[39m [90m158 ms - 139[39m
[35m[HTTP][39m [90m[39m
[35m[HTTP][39m [37m-->[39m [37mGET[39m [37m/wd/hub/session/bc84e62d-3ae4-45b1-a093-4c4c3f2deaa6/element/00000000-0000-0199-ffff-ffff000000e4/location[39m
[35m[HTTP][39m [90m{}[39m
[35m[W3C (bc84e62d)][39m Driver proxy active, passing request on via HTTP proxy
[35m[WD Proxy][39m Replacing sessionId 14c63977-7d1d-44ea-942d-671dbd7397f8 with bc84e62d-3ae4-45b1-a093-4c4c3f2deaa6
[35m[HTTP][39m [37m<-- GET /wd/hub/session/bc84e62d-3ae4-45b1-a093-4c4c3f2deaa6/element/00000000-0000-0199-ffff-ffff000000e4/location [39m[32m200[39m [90m9 ms - 78[39m
[35m[HTTP][39m [90m[39m
[35m[HTTP][39m [37m-->[39m [37mPOST[39m [37m/wd/hub/session/bc84e62d-3ae4-45b1-a093-4c4c3f2deaa6/element/00000000-0000-0199-ffff-ffff000000e4/click[39m
[35m[HTTP][39m [90m{"id":"00000000-0000-0199-ffff-ffff000000e4"}[39m
[35m[HTTP][39m [37m<-- POST /wd/hub/session/bc84e62d-3ae4-45b1-a093-4c4c3f2deaa6/element/00000000-0000-0199-ffff-ffff000000e4/click [39m[32m200[39m [90m44 ms - 14[39m
[35m[HTTP][39m [90m[39m
[35m[HTTP][39m [37m-->[39m [37mGET[39m [37m/wd/hub/session/bc84e62d-3ae4-45b1-a093-4c4c3f2deaa6/source[39m
[35m[HTTP][39m [90m{}[39m
[35m[W3C (bc84e62d)][39m Driver proxy active, passing request on via HTTP proxy
[35m[WD Proxy][39m Replacing sessionId 14c63977-7d1d-44ea-942d-671dbd7397f8 with bc84e62d-3ae4-45b1-a093-4c4c3f2deaa6
[35m[HTTP][39m [37m<-- GET /wd/hub/session/bc84e62d-3ae4-45b1-a093-4c4c3f2deaa6/source [39m[32m200[39m [90m266 ms - 20244[39m
[35m[HTTP][39m [90m[39m
[35m[HTTP][39m [37m-->[39m [37mGET[39m [37m/wd/hub/session/bc84e62d-3ae4-45b1-a093-4c4c3f2deaa6/screenshot[39m
[35m[HTTP][39m [90m{}[39m
[35m[HTTP][39m [37m<-- GET /wd/hub/session/bc84e62d-3ae4-45b1-a093-4c4c3f2deaa6/screenshot [39m[32m200[39m [90m239 ms - 117888[39m
[35m[HTTP][39m [90m[39m
[35m[HTTP][39m [37m-->[39m [37mPOST[39m [37m/wd/hub/session/bc84e62d-3ae4-45b1-a093-4c4c3f2deaa6/elements[39m
[35m[HTTP][39m [90m{"using":"xpath","value":"//*[@class = 'android.widget.TextView' and (@text = 'No Items' or . = 'No Items')]"}[39m
[35m[HTTP][39m [37m<-- POST /wd/hub/session/bc84e62d-3ae4-45b1-a093-4c4c3f2deaa6/elements [39m[32m200[39m [90m84 ms - 139[39m
[35m[HTTP][39m [90m[39m
[35m[HTTP][39m [37m-->[39m [37mPOST[39m [37m/wd/hub/session/bc84e62d-3ae4-45b1-a093-4c4c3f2deaa6/elements[39m
[35m[HTTP][39m [90m{"using":"xpath","value":"//*[@class = 'android.widget.TextView' and (@text = 'No Items' or . = 'No Items')]"}[39m
[35m[HTTP][39m [37m<-- POST /wd/hub/session/bc84e62d-3ae4-45b1-a093-4c4c3f2deaa6/elements [39m[32m200[39m [90m91 ms - 139[39m
[35m[HTTP][39m [90m[39m
[35m[HTTP][39m [37m-->[39m [37mGET[39m [37m/wd/hub/session/bc84e62d-3ae4-45b1-a093-4c4c3f2deaa6/window/rect[39m
[35m[HTTP][39m [90m{}[39m
[35m[HTTP][39m [37m<-- GET /wd/hub/session/bc84e62d-3ae4-45b1-a093-4c4c3f2deaa6/window/rect [39m[32m200[39m [90m7 ms - 50[39m
[35m[HTTP][39m [90m[39m
[35m[HTTP][39m [37m-->[39m [37mPOST[39m [37m/wd/hub/session/bc84e62d-3ae4-45b1-a093-4c4c3f2deaa6/elements[39m
[35m[HTTP][39m [90m{"using":"xpath","value":"//*[@class = 'android.widget.TextView' and (@text = 'No Items' or . = 'No Items')]"}[39m
[35m[HTTP][39m [37m<-- POST /wd/hub/session/bc84e62d-3ae4-45b1-a093-4c4c3f2deaa6/elements [39m[32m200[39m [90m85 ms - 139[39m
[35m[HTTP][39m [90m[39m
[35m[HTTP][39m [37m-->[39m [37mGET[39m [37m/wd/hub/session/bc84e62d-3ae4-45b1-a093-4c4c3f2deaa6/element/00000000-0000-0199-ffff-ffff000000cb/location[39m
[35m[HTTP][39m [90m{}[39m
[35m[W3C (bc84e62d)][39m Driver proxy active, passing request on via HTTP proxy
[35m[WD Proxy][39m Replacing sessionId 14c63977-7d1d-44ea-942d-671dbd7397f8 with bc84e62d-3ae4-45b1-a093-4c4c3f2deaa6
[35m[HTTP][39m [37m<-- GET /wd/hub/session/bc84e62d-3ae4-45b1-a093-4c4c3f2deaa6/element/00000000-0000-0199-ffff-ffff000000cb/location [39m[32m200[39m [90m9 ms - 78[39m
[35m[HTTP][39m [90m[39m
[35m[HTTP][39m [37m-->[39m [37mGET[39m [37m/wd/hub/session/bc84e62d-3ae4-45b1-a093-4c4c3f2deaa6/element/00000000-0000-0199-ffff-ffff000000cb/text[39m
[35m[HTTP][39m [90m{}[39m
[35m[W3C (bc84e62d)][39m Driver proxy active, passing request on via HTTP proxy
[35m[WD Proxy][39m Replacing sessionId 14c63977-7d1d-44ea-942d-671dbd7397f8 with bc84e62d-3ae4-45b1-a093-4c4c3f2deaa6
[35m[HTTP][39m [37m<-- GET /wd/hub/session/bc84e62d-3ae4-45b1-a093-4c4c3f2deaa6/element/00000000-0000-0199-ffff-ffff000000cb/text [39m[32m200[39m [90m9 ms - 71[39m
[35m[HTTP][39m [90m[39m
[35m[HTTP][39m [37m-->[39m [37mGET[39m [37m/wd/hub/session/bc84e62d-3ae4-45b1-a093-4c4c3f2deaa6/source[39m
[35m[HTTP][39m [90m{}[39m
[35m[W3C (bc84e62d)][39m Driver proxy active, passing request on via HTTP proxy
[35m[WD Proxy][39m Replacing sessionId 14c63977-7d1d-44ea-942d-671dbd7397f8 with bc84e62d-3ae4-45b1-a093-4c4c3f2deaa6
[35m[HTTP][39m [37m<-- GET /wd/hub/session/bc84e62d-3ae4-45b1-a093-4c4c3f2deaa6/source [39m[32m200[39m [90m40 ms - 20244[39m
[35m[HTTP][39m [90m[39m
[35m[HTTP][39m [37m-->[39m [37mGET[39m [37m/wd/hub/session/bc84e62d-3ae4-45b1-a093-4c4c3f2deaa6/screenshot[39m
[35m[HTTP][39m [90m{}[39m
[35m[HTTP][39m [37m<-- GET /wd/hub/session/bc84e62d-3ae4-45b1-a093-4c4c3f2deaa6/screenshot [39m[32m200[39m [90m253 ms - 117888[39m
[35m[HTTP][39m [90m[39m
[35m[HTTP][39m [37m-->[39m [37mPOST[39m [37m/wd/hub/session/bc84e62d-3ae4-45b1-a093-4c4c3f2deaa6/elements[39m
[35m[HTTP][39m [90m{"using":"xpath","value":"//*[@class = 'android.widget.TextView' and (@text = 'Go Shopping' or . = 'Go Shopping')]"}[39m
[35m[HTTP][39m [37m<-- POST /wd/hub/session/bc84e62d-3ae4-45b1-a093-4c4c3f2deaa6/elements [39m[32m200[39m [90m75 ms - 139[39m
[35m[HTTP][39m [90m[39m
[35m[HTTP][39m [37m-->[39m [37mGET[39m [37m/wd/hub/session/bc84e62d-3ae4-45b1-a093-4c4c3f2deaa6/window/rect[39m
[35m[HTTP][39m [90m{}[39m
[35m[HTTP][39m [37m<-- GET /wd/hub/session/bc84e62d-3ae4-45b1-a093-4c4c3f2deaa6/window/rect [39m[32m200[39m [90m6 ms - 50[39m
[35m[HTTP][39m [90m[39m
[35m[HTTP][39m [37m-->[39m [37mPOST[39m [37m/wd/hub/session/bc84e62d-3ae4-45b1-a093-4c4c3f2deaa6/elements[39m
[35m[HTTP][39m [90m{"using":"xpath","value":"//*[@class = 'android.widget.TextView' and (@text = 'Go Shopping' or . = 'Go Shopping')]"}[39m
[35m[HTTP][39m [37m<-- POST /wd/hub/session/bc84e62d-3ae4-45b1-a093-4c4c3f2deaa6/elements [39m[32m200[39m [90m78 ms - 139[39m
[35m[HTTP][39m [90m[39m
[35m[HTTP][39m [37m-->[39m [37mGET[39m [37m/wd/hub/session/bc84e62d-3ae4-45b1-a093-4c4c3f2deaa6/element/00000000-0000-0199-ffff-ffff000000fc/location[39m
[35m[HTTP][39m [90m{}[39m
[35m[W3C (bc84e62d)][39m Driver proxy active, passing request on via HTTP proxy
[35m[WD Proxy][39m Replacing sessionId 14c63977-7d1d-44ea-942d-671dbd7397f8 with bc84e62d-3ae4-45b1-a093-4c4c3f2deaa6
[35m[HTTP][39m [37m<-- GET /wd/hub/session/bc84e62d-3ae4-45b1-a093-4c4c3f2deaa6/element/00000000-0000-0199-ffff-ffff000000fc/location [39m[32m200[39m [90m10 ms - 79[39m
[35m[HTTP][39m [90m[39m
[35m[HTTP][39m [37m-->[39m [37mPOST[39m [37m/wd/hub/session/bc84e62d-3ae4-45b1-a093-4c4c3f2deaa6/element/00000000-0000-0199-ffff-ffff000000fc/click[39m
[35m[HTTP][39m [90m{"id":"00000000-0000-0199-ffff-ffff000000fc"}[39m
[35m[HTTP][39m [37m<-- POST /wd/hub/session/bc84e62d-3ae4-45b1-a093-4c4c3f2deaa6/element/00000000-0000-0199-ffff-ffff000000fc/click [39m[32m200[39m [90m71 ms - 14[39m
[35m[HTTP][39m [90m[39m
[35m[HTTP][39m [37m-->[39m [37mGET[39m [37m/wd/hub/session/bc84e62d-3ae4-45b1-a093-4c4c3f2deaa6/source[39m
[35m[HTTP][39m [90m{}[39m
[35m[W3C (bc84e62d)][39m Driver proxy active, passing request on via HTTP proxy
[35m[WD Proxy][39m Replacing sessionId 14c63977-7d1d-44ea-942d-671dbd7397f8 with bc84e62d-3ae4-45b1-a093-4c4c3f2deaa6
[35m[HTTP][39m [37m<-- GET /wd/hub/session/bc84e62d-3ae4-45b1-a093-4c4c3f2deaa6/source [39m[32m200[39m [90m628 ms - 40178[39m
[35m[HTTP][39m [90m[39m
[35m[HTTP][39m [37m-->[39m [37mGET[39m [37m/wd/hub/session/bc84e62d-3ae4-45b1-a093-4c4c3f2deaa6/screenshot[39m
[35m[HTTP][39m [90m{}[39m
[35m[HTTP][39m [37m<-- GET /wd/hub/session/bc84e62d-3ae4-45b1-a093-4c4c3f2deaa6/screenshot [39m[32m200[39m [90m518 ms - 1726708[39m
[35m[HTTP][39m [90m[39m
[35m[HTTP][39m [37m-->[39m [37mDELETE[39m [37m/wd/hub/session/bc84e62d-3ae4-45b1-a093-4c4c3f2deaa6[39m
[35m[HTTP][39m [90m{}[39m
[35m[Appium][39m Removing session bc84e62d-3ae4-45b1-a093-4c4c3f2deaa6 from our master session list
[35m[UiAutomator2][39m Restoring hidden api policy to the device default configuration
[35m[HTTP][39m [37m<-- DELETE /wd/hub/session/bc84e62d-3ae4-45b1-a093-4c4c3f2deaa6 [39m[32m200[39m [90m511 ms - 14[39m
[35m[HTTP][39m [90m[39m
